<?xml version="1.0" encoding="UTF-8"?>
<!-- Generated by org.testng.reporters.JUnitXMLReporter -->
<testsuite ignored="0" hostname="Hari" failures="0" tests="4" name="Surefire test" time="34.273" errors="0" timestamp="04 Dec 2022 03:22:40 GMT">
  <testcase classname="com.testcases.BookHotelPageTest" name="loginTitleValidate" time="0.045"/>
  <testcase classname="com.testcases.LoginTest" name="loginPageTitleTest" time="0.029"/>
  <testcase classname="com.testcases.SearchHotelPageTest" name="searchHotelTest" time="1.534"/>
  <testcase classname="com.testcases.SelectHotelPageTest" name="loginTitleTest" time="0.077"/>
</testsuite> <!-- Surefire test -->
