<?xml version="1.0" encoding="UTF-8"?>
<!-- Generated by org.testng.reporters.JUnitXMLReporter -->
<testsuite ignored="8" hostname="Hari" failures="0" tests="1" name="Default test" time="25.043" errors="0" timestamp="2023-03-05T12:24:09 IST">
  <testcase classname="com.testcases.SearchHotelPageTest" name="linkClickTest" time="12.448"/>
  <testcase classname="com.testcases.SearchHotelPageTest" name="welcomeHdTest" time="0.0">
    <ignored/>
  </testcase> <!-- welcomeHdTest -->
  <testcase classname="com.testcases.SearchHotelPageTest" name="labelTest" time="0.0">
    <ignored/>
  </testcase> <!-- labelTest -->
  <testcase classname="com.testcases.SearchHotelPageTest" name="resetTest" time="0.0">
    <ignored/>
  </testcase> <!-- resetTest -->
  <testcase classname="com.testcases.SearchHotelPageTest" name="selectOptionsValidateTest" time="0.0">
    <ignored/>
  </testcase> <!-- selectOptionsValidateTest -->
  <testcase classname="com.testcases.SearchHotelPageTest" name="optionsNotSelectedTest" time="0.0">
    <ignored/>
  </testcase> <!-- optionsNotSelectedTest -->
  <testcase classname="com.testcases.SearchHotelPageTest" name="searchHotelTest" time="0.0">
    <ignored/>
  </testcase> <!-- searchHotelTest -->
  <testcase classname="com.testcases.SearchHotelPageTest" name="userNameShowTest" time="0.0">
    <ignored/>
  </testcase> <!-- userNameShowTest -->
  <testcase classname="com.testcases.SearchHotelPageTest" name="loginTitleTest" time="0.0">
    <ignored/>
  </testcase> <!-- loginTitleTest -->
</testsuite> <!-- Default test -->
