<?xml version="1.0" encoding="UTF-8"?>
<!-- Generated by org.testng.reporters.JUnitXMLReporter -->
<testsuite ignored="0" hostname="Hari" failures="0" tests="33" name="Test" time="178.142" errors="0" timestamp="2023-01-18T21:57:04 IST">
  <testcase classname="com.testcases.LoginTest" name="loginTest" time="1.839"/>
  <testcase classname="com.testcases.SelectHotelPageTest" name="loginTitleTest" time="0.037"/>
  <testcase classname="com.testcases.SearchHotelPageTest" name="searchHotelTest" time="3.559"/>
  <testcase classname="com.testcases.BookHotelPageTest" name="loginTitleValidate" time="0.041"/>
  <testcase classname="com.testcases.SelectHotelPageTest" name="textShowTest" time="0.04"/>
  <testcase classname="com.testcases.SearchHotelPageTest" name="resetTest" time="1.627"/>
  <testcase classname="com.testcases.LoginTest" name="invalidLoginTest" time="7.049"/>
  <testcase classname="com.testcases.SearchHotelPageTest" name="welcomeHdTest" time="0.061"/>
  <testcase classname="com.testcases.BookHotelPageTest" name="textValidation" time="0.288"/>
  <testcase classname="com.testcases.SelectHotelPageTest" name="selectTest" time="0.095"/>
  <testcase classname="com.testcases.SearchHotelPageTest" name="userNameShowTest" time="0.043"/>
  <testcase classname="com.testcases.LoginTest" name="forgotPwdTest" time="0.35"/>
  <testcase classname="com.testcases.LoginTest" name="newUserTest" time="0.547"/>
  <testcase classname="com.testcases.LoginTest" name="emptyUsernamePwdTest" time="0.36"/>
  <testcase classname="com.testcases.BookHotelPageTest" name="inputTest" time="12.238"/>
  <testcase classname="com.testcases.SelectHotelPageTest" name="continueButtonTest" time="0.528"/>
  <testcase classname="com.testcases.SearchHotelPageTest" name="linkClickTest" time="2.098"/>
  <testcase classname="com.testcases.LoginTest" name="validateImages" time="0.672"/>
  <testcase classname="com.testcases.SelectHotelPageTest" name="cancelTest" time="0.409"/>
  <testcase classname="com.testcases.SearchHotelPageTest" name="loginTitleTest" time="0.326"/>
  <testcase classname="com.testcases.LoginTest" name="validateTextTest" time="0.244"/>
  <testcase classname="com.testcases.SelectHotelPageTest" name="hotelNotSelectedTest" time="0.107"/>
  <testcase classname="com.testcases.BookHotelPageTest" name="bookingConfirmationTest" time="17.854"/>
  <testcase classname="com.testcases.SearchHotelPageTest" name="selectOptionsValidateTest" time="2.727"/>
  <testcase classname="com.testcases.LoginTest" name="iosAppLinkClickTest" time="0.327"/>
  <testcase classname="com.testcases.SearchHotelPageTest" name="optionsNotSelectedTest" time="1.202"/>
  <testcase classname="com.testcases.LoginTest" name="androidAppLinkClickTest" time="3.149"/>
  <testcase classname="com.testcases.SearchHotelPageTest" name="labelTest" time="0.233"/>
  <testcase classname="com.testcases.BookHotelPageTest" name="afterBookingSearchHotelTest" time="11.473"/>
  <testcase classname="com.testcases.BookHotelPageTest" name="afterBookingLogoutTest" time="11.379"/>
  <testcase classname="com.testcases.BookHotelPageTest" name="detailsNotGivenTest" time="0.271"/>
  <testcase classname="com.testcases.BookHotelPageTest" name="selectOptionsValidateTest" time="0.941"/>
  <testcase classname="com.testcases.BookHotelPageTest" name="priceValidationTest" time="0.159"/>
</testsuite> <!-- Test -->
