<?xml version="1.0" encoding="UTF-8"?>
<testsuite xmlns:xsi="http://www.w3.org/2001/XMLSchema-instance" xsi:noNamespaceSchemaLocation="https://maven.apache.org/surefire/maven-surefire-plugin/xsd/surefire-test-report.xsd" name="TestSuite" time="34.803" tests="4" errors="0" skipped="0" failures="0">
  <properties>
[...]
</properties>
  <testcase name="loginTitleValidate" classname="com.testcases.BookHotelPageTest" time="0.049"/>
  <testcase name="loginPageTitleTest" classname="com.testcases.LoginTest" time="0.026"/>
  <testcase name="searchHotelTest" classname="com.testcases.SearchHotelPageTest" time="1.535"/>
  <testcase name="loginTitleTest" classname="com.testcases.SelectHotelPageTest" time="0.075"/>
</testsuite>