<?xml version="1.0" encoding="UTF-8"?>
<!-- Generated by org.testng.reporters.JUnitXMLReporter -->
<testsuite ignored="0" hostname="Hari" failures="0" tests="3" name="Hotel Booking Test Cases" time="23.028" errors="0" timestamp="25 Nov 2022 14:41:27 GMT">
  <testcase classname="com.testcases.LoginTest" name="loginPageTitleTest" time="0.011"/>
  <testcase classname="com.testcases.SearchHotelPageTest" name="searchHotelTest" time="1.267"/>
  <testcase classname="com.testcases.SelectHotelPageTest" name="loginTitleTest" time="0.037"/>
</testsuite> <!-- Hotel Booking Test Cases -->
