<?xml version="1.0" encoding="UTF-8"?>
<!-- Generated by org.testng.reporters.JUnitXMLReporter -->
<testsuite ignored="0" hostname="Hari" failures="0" tests="3" name="Hotel Booking Test Cases" time="15.635" errors="0" timestamp="21 Nov 2022 12:00:15 GMT">
  <testcase classname="com.testcases.LoginTest" name="loginPageTitleTest" time="0.032"/>
  <testcase classname="com.testcases.SearchHotelPageTest" name="searchHotelTest" time="1.268"/>
  <testcase classname="com.testcases.SelectHotelPageTest" name="loginTitleTest" time="0.04"/>
</testsuite> <!-- Hotel Booking Test Cases -->
