<?xml version="1.0" encoding="UTF-8"?>
<testng-results ignored="8" total="9" passed="1" failed="0" skipped="0">
  <reporter-output>
  </reporter-output>
  <suite started-at="2023-03-05T12:23:43 IST" name="Default suite" finished-at="2023-03-05T12:24:09 IST" duration-ms="25043">
    <groups>
    </groups>
    <test started-at="2023-03-05T12:23:43 IST" name="Default test" finished-at="2023-03-05T12:24:09 IST" duration-ms="25043">
      <class name="com.testcases.SearchHotelPageTest">
        <test-method is-config="true" signature="setup()[pri:0, instance:com.testcases.SearchHotelPageTest@29215f06]" started-at="2023-03-05T12:23:44 IST" name="setup" finished-at="2023-03-05T12:23:55 IST" duration-ms="11522" status="PASS">
          <reporter-output>
          </reporter-output>
        </test-method> <!-- setup -->
        <test-method signature="linkClickTest()[pri:5, instance:com.testcases.SearchHotelPageTest@29215f06]" started-at="2023-03-05T12:23:55 IST" name="linkClickTest" finished-at="2023-03-05T12:24:08 IST" duration-ms="12448" status="PASS">
          <reporter-output>
          </reporter-output>
        </test-method> <!-- linkClickTest -->
        <test-method is-config="true" signature="tearDown()[pri:0, instance:com.testcases.SearchHotelPageTest@29215f06]" started-at="2023-03-05T12:24:08 IST" name="tearDown" finished-at="2023-03-05T12:24:09 IST" duration-ms="1016" status="PASS">
          <reporter-output>
          </reporter-output>
        </test-method> <!-- tearDown -->
      </class> <!-- com.testcases.SearchHotelPageTest -->
    </test> <!-- Default test -->
  </suite> <!-- Default suite -->
</testng-results>
